  pch.cpp
  Physics_RigidBody.cpp
  FileStream.cpp
  FileSystem.cpp
  Physics_World.cpp
  Timer.cpp
  실험용.cpp
  Generating Code...
BulletCollision_debug.lib(btCollisionAlgorithm.obj) : warning LNK4099: PDB 'BulletCollision.pdb' was not found with 'BulletCollision_debug.lib(btCollisionAlgorithm.obj)' or at 'C:\Users\dh045\Desktop\bullet_ex\x64\Debug\BulletCollision.pdb'; linking object as if no debug info
BulletCollision_debug.lib(btDbvt.obj) : warning LNK4099: PDB 'BulletCollision.pdb' was not found with 'BulletCollision_debug.lib(btDbvt.obj)' or at 'C:\Users\dh045\Desktop\bullet_ex\x64\Debug\BulletCollision.pdb'; linking object as if no debug info
BulletCollision_debug.lib(btDbvtBroadphase.obj) : warning LNK4099: PDB 'BulletCollision.pdb' was not found with 'BulletCollision_debug.lib(btDbvtBroadphase.obj)' or at 'C:\Users\dh045\Desktop\bullet_ex\x64\Debug\BulletCollision.pdb'; linking object as if no debug info
BulletCollision_debug.lib(btDispatcher.obj) : warning LNK4099: PDB 'BulletCollision.pdb' was not found with 'BulletCollision_debug.lib(btDispatcher.obj)' or at 'C:\Users\dh045\Desktop\bullet_ex\x64\Debug\BulletCollision.pdb'; linking object as if no debug info
BulletCollision_debug.lib(btOverlappingPairCache.obj) : warning LNK4099: PDB 'BulletCollision.pdb' was not found with 'BulletCollision_debug.lib(btOverlappingPairCache.obj)' or at 'C:\Users\dh045\Desktop\bullet_ex\x64\Debug\BulletCollision.pdb'; linking object as if no debug info
BulletCollision_debug.lib(btQuantizedBvh.obj) : warning LNK4099: PDB 'BulletCollision.pdb' was not found with 'BulletCollision_debug.lib(btQuantizedBvh.obj)' or at 'C:\Users\dh045\Desktop\bullet_ex\x64\Debug\BulletCollision.pdb'; linking object as if no debug info
BulletCollision_debug.lib(btActivatingCollisionAlgorithm.obj) : warning LNK4099: PDB 'BulletCollision.pdb' was not found with 'BulletCollision_debug.lib(btActivatingCollisionAlgorithm.obj)' or at 'C:\Users\dh045\Desktop\bullet_ex\x64\Debug\BulletCollision.pdb'; linking object as if no debug info
BulletCollision_debug.lib(btBoxBoxCollisionAlgorithm.obj) : warning LNK4099: PDB 'BulletCollision.pdb' was not found with 'BulletCollision_debug.lib(btBoxBoxCollisionAlgorithm.obj)' or at 'C:\Users\dh045\Desktop\bullet_ex\x64\Debug\BulletCollision.pdb'; linking object as if no debug info
BulletCollision_debug.lib(btBoxBoxDetector.obj) : warning LNK4099: PDB 'BulletCollision.pdb' was not found with 'BulletCollision_debug.lib(btBoxBoxDetector.obj)' or at 'C:\Users\dh045\Desktop\bullet_ex\x64\Debug\BulletCollision.pdb'; linking object as if no debug info
BulletCollision_debug.lib(btCollisionDispatcher.obj) : warning LNK4099: PDB 'BulletCollision.pdb' was not found with 'BulletCollision_debug.lib(btCollisionDispatcher.obj)' or at 'C:\Users\dh045\Desktop\bullet_ex\x64\Debug\BulletCollision.pdb'; linking object as if no debug info
BulletCollision_debug.lib(btCollisionObject.obj) : warning LNK4099: PDB 'BulletCollision.pdb' was not found with 'BulletCollision_debug.lib(btCollisionObject.obj)' or at 'C:\Users\dh045\Desktop\bullet_ex\x64\Debug\BulletCollision.pdb'; linking object as if no debug info
BulletCollision_debug.lib(btCollisionWorld.obj) : warning LNK4099: PDB 'BulletCollision.pdb' was not found with 'BulletCollision_debug.lib(btCollisionWorld.obj)' or at 'C:\Users\dh045\Desktop\bullet_ex\x64\Debug\BulletCollision.pdb'; linking object as if no debug info
BulletCollision_debug.lib(btCompoundCollisionAlgorithm.obj) : warning LNK4099: PDB 'BulletCollision.pdb' was not found with 'BulletCollision_debug.lib(btCompoundCollisionAlgorithm.obj)' or at 'C:\Users\dh045\Desktop\bullet_ex\x64\Debug\BulletCollision.pdb'; linking object as if no debug info
BulletCollision_debug.lib(btCompoundCompoundCollisionAlgorithm.obj) : warning LNK4099: PDB 'BulletCollision.pdb' was not found with 'BulletCollision_debug.lib(btCompoundCompoundCollisionAlgorithm.obj)' or at 'C:\Users\dh045\Desktop\bullet_ex\x64\Debug\BulletCollision.pdb'; linking object as if no debug info
BulletCollision_debug.lib(btConvexConcaveCollisionAlgorithm.obj) : warning LNK4099: PDB 'BulletCollision.pdb' was not found with 'BulletCollision_debug.lib(btConvexConcaveCollisionAlgorithm.obj)' or at 'C:\Users\dh045\Desktop\bullet_ex\x64\Debug\BulletCollision.pdb'; linking object as if no debug info
BulletCollision_debug.lib(btConvexConvexAlgorithm.obj) : warning LNK4099: PDB 'BulletCollision.pdb' was not found with 'BulletCollision_debug.lib(btConvexConvexAlgorithm.obj)' or at 'C:\Users\dh045\Desktop\bullet_ex\x64\Debug\BulletCollision.pdb'; linking object as if no debug info
BulletCollision_debug.lib(btConvexPlaneCollisionAlgorithm.obj) : warning LNK4099: PDB 'BulletCollision.pdb' was not found with 'BulletCollision_debug.lib(btConvexPlaneCollisionAlgorithm.obj)' or at 'C:\Users\dh045\Desktop\bullet_ex\x64\Debug\BulletCollision.pdb'; linking object as if no debug info
BulletCollision_debug.lib(btDefaultCollisionConfiguration.obj) : warning LNK4099: PDB 'BulletCollision.pdb' was not found with 'BulletCollision_debug.lib(btDefaultCollisionConfiguration.obj)' or at 'C:\Users\dh045\Desktop\bullet_ex\x64\Debug\BulletCollision.pdb'; linking object as if no debug info
BulletCollision_debug.lib(btEmptyCollisionAlgorithm.obj) : warning LNK4099: PDB 'BulletCollision.pdb' was not found with 'BulletCollision_debug.lib(btEmptyCollisionAlgorithm.obj)' or at 'C:\Users\dh045\Desktop\bullet_ex\x64\Debug\BulletCollision.pdb'; linking object as if no debug info
BulletCollision_debug.lib(btHashedSimplePairCache.obj) : warning LNK4099: PDB 'BulletCollision.pdb' was not found with 'BulletCollision_debug.lib(btHashedSimplePairCache.obj)' or at 'C:\Users\dh045\Desktop\bullet_ex\x64\Debug\BulletCollision.pdb'; linking object as if no debug info
BulletCollision_debug.lib(btManifoldResult.obj) : warning LNK4099: PDB 'BulletCollision.pdb' was not found with 'BulletCollision_debug.lib(btManifoldResult.obj)' or at 'C:\Users\dh045\Desktop\bullet_ex\x64\Debug\BulletCollision.pdb'; linking object as if no debug info
BulletCollision_debug.lib(btSimulationIslandManager.obj) : warning LNK4099: PDB 'BulletCollision.pdb' was not found with 'BulletCollision_debug.lib(btSimulationIslandManager.obj)' or at 'C:\Users\dh045\Desktop\bullet_ex\x64\Debug\BulletCollision.pdb'; linking object as if no debug info
BulletCollision_debug.lib(btSphereSphereCollisionAlgorithm.obj) : warning LNK4099: PDB 'BulletCollision.pdb' was not found with 'BulletCollision_debug.lib(btSphereSphereCollisionAlgorithm.obj)' or at 'C:\Users\dh045\Desktop\bullet_ex\x64\Debug\BulletCollision.pdb'; linking object as if no debug info
BulletCollision_debug.lib(btSphereTriangleCollisionAlgorithm.obj) : warning LNK4099: PDB 'BulletCollision.pdb' was not found with 'BulletCollision_debug.lib(btSphereTriangleCollisionAlgorithm.obj)' or at 'C:\Users\dh045\Desktop\bullet_ex\x64\Debug\BulletCollision.pdb'; linking object as if no debug info
BulletCollision_debug.lib(btUnionFind.obj) : warning LNK4099: PDB 'BulletCollision.pdb' was not found with 'BulletCollision_debug.lib(btUnionFind.obj)' or at 'C:\Users\dh045\Desktop\bullet_ex\x64\Debug\BulletCollision.pdb'; linking object as if no debug info
BulletCollision_debug.lib(SphereTriangleDetector.obj) : warning LNK4099: PDB 'BulletCollision.pdb' was not found with 'BulletCollision_debug.lib(SphereTriangleDetector.obj)' or at 'C:\Users\dh045\Desktop\bullet_ex\x64\Debug\BulletCollision.pdb'; linking object as if no debug info
BulletCollision_debug.lib(btBoxShape.obj) : warning LNK4099: PDB 'BulletCollision.pdb' was not found with 'BulletCollision_debug.lib(btBoxShape.obj)' or at 'C:\Users\dh045\Desktop\bullet_ex\x64\Debug\BulletCollision.pdb'; linking object as if no debug info
BulletCollision_debug.lib(btBvhTriangleMeshShape.obj) : warning LNK4099: PDB 'BulletCollision.pdb' was not found with 'BulletCollision_debug.lib(btBvhTriangleMeshShape.obj)' or at 'C:\Users\dh045\Desktop\bullet_ex\x64\Debug\BulletCollision.pdb'; linking object as if no debug info
BulletCollision_debug.lib(btCollisionShape.obj) : warning LNK4099: PDB 'BulletCollision.pdb' was not found with 'BulletCollision_debug.lib(btCollisionShape.obj)' or at 'C:\Users\dh045\Desktop\bullet_ex\x64\Debug\BulletCollision.pdb'; linking object as if no debug info
BulletCollision_debug.lib(btConcaveShape.obj) : warning LNK4099: PDB 'BulletCollision.pdb' was not found with 'BulletCollision_debug.lib(btConcaveShape.obj)' or at 'C:\Users\dh045\Desktop\bullet_ex\x64\Debug\BulletCollision.pdb'; linking object as if no debug info
BulletCollision_debug.lib(btConvexInternalShape.obj) : warning LNK4099: PDB 'BulletCollision.pdb' was not found with 'BulletCollision_debug.lib(btConvexInternalShape.obj)' or at 'C:\Users\dh045\Desktop\bullet_ex\x64\Debug\BulletCollision.pdb'; linking object as if no debug info
BulletCollision_debug.lib(btConvexPolyhedron.obj) : warning LNK4099: PDB 'BulletCollision.pdb' was not found with 'BulletCollision_debug.lib(btConvexPolyhedron.obj)' or at 'C:\Users\dh045\Desktop\bullet_ex\x64\Debug\BulletCollision.pdb'; linking object as if no debug info
BulletCollision_debug.lib(btConvexShape.obj) : warning LNK4099: PDB 'BulletCollision.pdb' was not found with 'BulletCollision_debug.lib(btConvexShape.obj)' or at 'C:\Users\dh045\Desktop\bullet_ex\x64\Debug\BulletCollision.pdb'; linking object as if no debug info
BulletCollision_debug.lib(btHeightfieldTerrainShape.obj) : warning LNK4099: PDB 'BulletCollision.pdb' was not found with 'BulletCollision_debug.lib(btHeightfieldTerrainShape.obj)' or at 'C:\Users\dh045\Desktop\bullet_ex\x64\Debug\BulletCollision.pdb'; linking object as if no debug info
BulletCollision_debug.lib(btMiniSDF.obj) : warning LNK4099: PDB 'BulletCollision.pdb' was not found with 'BulletCollision_debug.lib(btMiniSDF.obj)' or at 'C:\Users\dh045\Desktop\bullet_ex\x64\Debug\BulletCollision.pdb'; linking object as if no debug info
BulletCollision_debug.lib(btOptimizedBvh.obj) : warning LNK4099: PDB 'BulletCollision.pdb' was not found with 'BulletCollision_debug.lib(btOptimizedBvh.obj)' or at 'C:\Users\dh045\Desktop\bullet_ex\x64\Debug\BulletCollision.pdb'; linking object as if no debug info
BulletCollision_debug.lib(btPolyhedralConvexShape.obj) : warning LNK4099: PDB 'BulletCollision.pdb' was not found with 'BulletCollision_debug.lib(btPolyhedralConvexShape.obj)' or at 'C:\Users\dh045\Desktop\bullet_ex\x64\Debug\BulletCollision.pdb'; linking object as if no debug info
BulletCollision_debug.lib(btSdfCollisionShape.obj) : warning LNK4099: PDB 'BulletCollision.pdb' was not found with 'BulletCollision_debug.lib(btSdfCollisionShape.obj)' or at 'C:\Users\dh045\Desktop\bullet_ex\x64\Debug\BulletCollision.pdb'; linking object as if no debug info
BulletCollision_debug.lib(btSphereShape.obj) : warning LNK4099: PDB 'BulletCollision.pdb' was not found with 'BulletCollision_debug.lib(btSphereShape.obj)' or at 'C:\Users\dh045\Desktop\bullet_ex\x64\Debug\BulletCollision.pdb'; linking object as if no debug info
BulletCollision_debug.lib(btTriangleCallback.obj) : warning LNK4099: PDB 'BulletCollision.pdb' was not found with 'BulletCollision_debug.lib(btTriangleCallback.obj)' or at 'C:\Users\dh045\Desktop\bullet_ex\x64\Debug\BulletCollision.pdb'; linking object as if no debug info
BulletCollision_debug.lib(btTriangleMeshShape.obj) : warning LNK4099: PDB 'BulletCollision.pdb' was not found with 'BulletCollision_debug.lib(btTriangleMeshShape.obj)' or at 'C:\Users\dh045\Desktop\bullet_ex\x64\Debug\BulletCollision.pdb'; linking object as if no debug info
BulletCollision_debug.lib(btContinuousConvexCollision.obj) : warning LNK4099: PDB 'BulletCollision.pdb' was not found with 'BulletCollision_debug.lib(btContinuousConvexCollision.obj)' or at 'C:\Users\dh045\Desktop\bullet_ex\x64\Debug\BulletCollision.pdb'; linking object as if no debug info
BulletCollision_debug.lib(btConvexCast.obj) : warning LNK4099: PDB 'BulletCollision.pdb' was not found with 'BulletCollision_debug.lib(btConvexCast.obj)' or at 'C:\Users\dh045\Desktop\bullet_ex\x64\Debug\BulletCollision.pdb'; linking object as if no debug info
BulletCollision_debug.lib(btGjkConvexCast.obj) : warning LNK4099: PDB 'BulletCollision.pdb' was not found with 'BulletCollision_debug.lib(btGjkConvexCast.obj)' or at 'C:\Users\dh045\Desktop\bullet_ex\x64\Debug\BulletCollision.pdb'; linking object as if no debug info
BulletCollision_debug.lib(btGjkEpa2.obj) : warning LNK4099: PDB 'BulletCollision.pdb' was not found with 'BulletCollision_debug.lib(btGjkEpa2.obj)' or at 'C:\Users\dh045\Desktop\bullet_ex\x64\Debug\BulletCollision.pdb'; linking object as if no debug info
BulletCollision_debug.lib(btGjkEpaPenetrationDepthSolver.obj) : warning LNK4099: PDB 'BulletCollision.pdb' was not found with 'BulletCollision_debug.lib(btGjkEpaPenetrationDepthSolver.obj)' or at 'C:\Users\dh045\Desktop\bullet_ex\x64\Debug\BulletCollision.pdb'; linking object as if no debug info
BulletCollision_debug.lib(btGjkPairDetector.obj) : warning LNK4099: PDB 'BulletCollision.pdb' was not found with 'BulletCollision_debug.lib(btGjkPairDetector.obj)' or at 'C:\Users\dh045\Desktop\bullet_ex\x64\Debug\BulletCollision.pdb'; linking object as if no debug info
BulletCollision_debug.lib(btMinkowskiPenetrationDepthSolver.obj) : warning LNK4099: PDB 'BulletCollision.pdb' was not found with 'BulletCollision_debug.lib(btMinkowskiPenetrationDepthSolver.obj)' or at 'C:\Users\dh045\Desktop\bullet_ex\x64\Debug\BulletCollision.pdb'; linking object as if no debug info
BulletCollision_debug.lib(btPersistentManifold.obj) : warning LNK4099: PDB 'BulletCollision.pdb' was not found with 'BulletCollision_debug.lib(btPersistentManifold.obj)' or at 'C:\Users\dh045\Desktop\bullet_ex\x64\Debug\BulletCollision.pdb'; linking object as if no debug info
BulletCollision_debug.lib(btRaycastCallback.obj) : warning LNK4099: PDB 'BulletCollision.pdb' was not found with 'BulletCollision_debug.lib(btRaycastCallback.obj)' or at 'C:\Users\dh045\Desktop\bullet_ex\x64\Debug\BulletCollision.pdb'; linking object as if no debug info
BulletCollision_debug.lib(btSubSimplexConvexCast.obj) : warning LNK4099: PDB 'BulletCollision.pdb' was not found with 'BulletCollision_debug.lib(btSubSimplexConvexCast.obj)' or at 'C:\Users\dh045\Desktop\bullet_ex\x64\Debug\BulletCollision.pdb'; linking object as if no debug info
BulletCollision_debug.lib(btVoronoiSimplexSolver.obj) : warning LNK4099: PDB 'BulletCollision.pdb' was not found with 'BulletCollision_debug.lib(btVoronoiSimplexSolver.obj)' or at 'C:\Users\dh045\Desktop\bullet_ex\x64\Debug\BulletCollision.pdb'; linking object as if no debug info
BulletCollision_debug.lib(btPolyhedralContactClipping.obj) : warning LNK4099: PDB 'BulletCollision.pdb' was not found with 'BulletCollision_debug.lib(btPolyhedralContactClipping.obj)' or at 'C:\Users\dh045\Desktop\bullet_ex\x64\Debug\BulletCollision.pdb'; linking object as if no debug info
BulletDynamics_debug.lib(btConeTwistConstraint.obj) : warning LNK4099: PDB 'BulletDynamics.pdb' was not found with 'BulletDynamics_debug.lib(btConeTwistConstraint.obj)' or at 'C:\Users\dh045\Desktop\bullet_ex\x64\Debug\BulletDynamics.pdb'; linking object as if no debug info
BulletDynamics_debug.lib(btGeneric6DofConstraint.obj) : warning LNK4099: PDB 'BulletDynamics.pdb' was not found with 'BulletDynamics_debug.lib(btGeneric6DofConstraint.obj)' or at 'C:\Users\dh045\Desktop\bullet_ex\x64\Debug\BulletDynamics.pdb'; linking object as if no debug info
BulletDynamics_debug.lib(btSequentialImpulseConstraintSolver.obj) : warning LNK4099: PDB 'BulletDynamics.pdb' was not found with 'BulletDynamics_debug.lib(btSequentialImpulseConstraintSolver.obj)' or at 'C:\Users\dh045\Desktop\bullet_ex\x64\Debug\BulletDynamics.pdb'; linking object as if no debug info
BulletDynamics_debug.lib(btTypedConstraint.obj) : warning LNK4099: PDB 'BulletDynamics.pdb' was not found with 'BulletDynamics_debug.lib(btTypedConstraint.obj)' or at 'C:\Users\dh045\Desktop\bullet_ex\x64\Debug\BulletDynamics.pdb'; linking object as if no debug info
BulletDynamics_debug.lib(btDiscreteDynamicsWorld.obj) : warning LNK4099: PDB 'BulletDynamics.pdb' was not found with 'BulletDynamics_debug.lib(btDiscreteDynamicsWorld.obj)' or at 'C:\Users\dh045\Desktop\bullet_ex\x64\Debug\BulletDynamics.pdb'; linking object as if no debug info
BulletDynamics_debug.lib(btRigidBody.obj) : warning LNK4099: PDB 'BulletDynamics.pdb' was not found with 'BulletDynamics_debug.lib(btRigidBody.obj)' or at 'C:\Users\dh045\Desktop\bullet_ex\x64\Debug\BulletDynamics.pdb'; linking object as if no debug info
LinearMath_Debug.lib(btAlignedAllocator.obj) : warning LNK4099: PDB 'LinearMath.pdb' was not found with 'LinearMath_Debug.lib(btAlignedAllocator.obj)' or at 'C:\Users\dh045\Desktop\bullet_ex\x64\Debug\LinearMath.pdb'; linking object as if no debug info
LinearMath_Debug.lib(btConvexHullComputer.obj) : warning LNK4099: PDB 'LinearMath.pdb' was not found with 'LinearMath_Debug.lib(btConvexHullComputer.obj)' or at 'C:\Users\dh045\Desktop\bullet_ex\x64\Debug\LinearMath.pdb'; linking object as if no debug info
LinearMath_Debug.lib(btGeometryUtil.obj) : warning LNK4099: PDB 'LinearMath.pdb' was not found with 'LinearMath_Debug.lib(btGeometryUtil.obj)' or at 'C:\Users\dh045\Desktop\bullet_ex\x64\Debug\LinearMath.pdb'; linking object as if no debug info
LinearMath_Debug.lib(btQuickprof.obj) : warning LNK4099: PDB 'LinearMath.pdb' was not found with 'LinearMath_Debug.lib(btQuickprof.obj)' or at 'C:\Users\dh045\Desktop\bullet_ex\x64\Debug\LinearMath.pdb'; linking object as if no debug info
LinearMath_Debug.lib(btVector3.obj) : warning LNK4099: PDB 'LinearMath.pdb' was not found with 'LinearMath_Debug.lib(btVector3.obj)' or at 'C:\Users\dh045\Desktop\bullet_ex\x64\Debug\LinearMath.pdb'; linking object as if no debug info
  실험용.vcxproj -> C:\Users\dh045\Desktop\bullet_ex\x64\Debug\실험용.exe
